Using pre-set license
Built from '2020.3/staging' branch; Version is '2020.3.25f1 (9b9180224418) revision 10195328'; Using compiler version '192528614'; Build Type 'Release'
OS: 'Windows 10  (10.0.19044) 64bit Professional' Language: 'en' Physical Memory: 7390 MB
BatchMode: 1, IsHumanControllingUs: 0, StartBugReporterOnCrash: 0, Is64bit: 1, IsPro: 0

COMMAND LINE ARGUMENTS:
C:\Program Files\Unity\Hub\Editor\2020.3.25f1\Editor\Unity.exe
-adb2
-batchMode
-noUpm
-name
AssetImportWorker0
-projectPath
C:/Users/Saad Akram/OneDrive/Desktop/Jelly_Shift_Replica
-logFile
Logs/AssetImportWorker0.log
-srvPort
62072
Successfully changed project path to: C:/Users/Saad Akram/OneDrive/Desktop/Jelly_Shift_Replica
C:/Users/Saad Akram/OneDrive/Desktop/Jelly_Shift_Replica
Using Asset Import Pipeline V2.
Refreshing native plugins compatible for Editor in 75.30 ms, found 2 plugins.
Preloading 0 native plugins for Editor in 0.00 ms.
Initialize engine version: 2020.3.25f1 (9b9180224418)
[Subsystems] Discovering subsystems at path C:/Program Files/Unity/Hub/Editor/2020.3.25f1/Editor/Data/Resources/UnitySubsystems
[Subsystems] Discovering subsystems at path C:/Users/Saad Akram/OneDrive/Desktop/Jelly_Shift_Replica/Assets
GfxDevice: creating device client; threaded=0
Direct3D:
    Version:  Direct3D 11.0 [level 11.0]
    Renderer: AMD Radeon HD 8650G (ID=0x990b)
    Vendor:   
    VRAM:     2778 MB
    Driver:   15.200.1065.0
Initialize mono
Mono path[0] = 'C:/Program Files/Unity/Hub/Editor/2020.3.25f1/Editor/Data/Managed'
Mono path[1] = 'C:/Program Files/Unity/Hub/Editor/2020.3.25f1/Editor/Data/MonoBleedingEdge/lib/mono/unityjit'
Mono config path = 'C:/Program Files/Unity/Hub/Editor/2020.3.25f1/Editor/Data/MonoBleedingEdge/etc'
Using monoOptions --debugger-agent=transport=dt_socket,embedding=1,server=y,suspend=n,address=127.0.0.1:56984
Begin MonoManager ReloadAssembly
Registering precompiled unity dll's ...
Register platform support module: C:/Program Files/Unity/Hub/Editor/2020.3.25f1/Editor/Data/PlaybackEngines/WebGLSupport/UnityEditor.WebGL.Extensions.dll
Register platform support module: C:/Program Files/Unity/Hub/Editor/2020.3.25f1/Editor/Data/PlaybackEngines/WindowsStandaloneSupport/UnityEditor.WindowsStandalone.Extensions.dll
Registered in 0.008265 seconds.
Native extension for WindowsStandalone target not found
Native extension for WebGL target not found
Refreshing native plugins compatible for Editor in 75.90 ms, found 2 plugins.
Preloading 0 native plugins for Editor in 0.00 ms.
Mono: successfully reloaded assembly
- Completed reload, in  1.396 seconds
Domain Reload Profiling:
	ReloadAssembly (1396ms)
		BeginReloadAssembly (118ms)
			ExecutionOrderSort (0ms)
			DisableScriptedObjects (0ms)
			BackupInstance (0ms)
			ReleaseScriptingObjects (0ms)
			CreateAndSetChildDomain (2ms)
		EndReloadAssembly (1069ms)
			LoadAssemblies (113ms)
			RebuildTransferFunctionScriptingTraits (0ms)
			SetupTypeCache (398ms)
			ReleaseScriptCaches (0ms)
			RebuildScriptCaches (73ms)
			SetupLoadedEditorAssemblies (379ms)
				LogAssemblyErrors (0ms)
				InitializePlatformSupportModulesInManaged (15ms)
				SetLoadedEditorAssemblies (0ms)
				RefreshPlugins (76ms)
				BeforeProcessingInitializeOnLoad (31ms)
				ProcessInitializeOnLoadAttributes (196ms)
				ProcessInitializeOnLoadMethodAttributes (61ms)
				AfterProcessingInitializeOnLoad (0ms)
				EditorAssembliesLoaded (0ms)
			ExecutionOrderSort2 (0ms)
			AwakeInstancesAfterBackupRestoration (0ms)
Platform modules already initialized, skipping
Registering precompiled user dll's ...
Registered in 0.011713 seconds.
Begin MonoManager ReloadAssembly
Native extension for WindowsStandalone target not found
Native extension for WebGL target not found
Refreshing native plugins compatible for Editor in 0.71 ms, found 2 plugins.
Preloading 0 native plugins for Editor in 0.00 ms.
Mono: successfully reloaded assembly
- Completed reload, in  2.405 seconds
Domain Reload Profiling:
	ReloadAssembly (2407ms)
		BeginReloadAssembly (343ms)
			ExecutionOrderSort (0ms)
			DisableScriptedObjects (11ms)
			BackupInstance (0ms)
			ReleaseScriptingObjects (0ms)
			CreateAndSetChildDomain (41ms)
		EndReloadAssembly (1842ms)
			LoadAssemblies (223ms)
			RebuildTransferFunctionScriptingTraits (0ms)
			SetupTypeCache (704ms)
			ReleaseScriptCaches (1ms)
			RebuildScriptCaches (95ms)
			SetupLoadedEditorAssemblies (630ms)
				LogAssemblyErrors (0ms)
				InitializePlatformSupportModulesInManaged (11ms)
				SetLoadedEditorAssemblies (1ms)
				RefreshPlugins (1ms)
				BeforeProcessingInitializeOnLoad (175ms)
				ProcessInitializeOnLoadAttributes (408ms)
				ProcessInitializeOnLoadMethodAttributes (17ms)
				AfterProcessingInitializeOnLoad (17ms)
				EditorAssembliesLoaded (1ms)
			ExecutionOrderSort2 (0ms)
			AwakeInstancesAfterBackupRestoration (14ms)
Platform modules already initialized, skipping
========================================================================
Worker process is ready to serve import requests
Launched and connected shader compiler UnityShaderCompiler.exe after 0.14 seconds
Refreshing native plugins compatible for Editor in 0.73 ms, found 2 plugins.
Preloading 0 native plugins for Editor in 0.00 ms.
Unloading 1517 Unused Serialized files (Serialized files now loaded: 0)
System memory in use before: 69.7 MB.
System memory in use after: 69.8 MB.

Unloading 19 unused Assets to reduce memory usage. Loaded Objects now: 1949.
Total: 6.578800 ms (FindLiveObjects: 0.325600 ms CreateObjectMapping: 0.112600 ms MarkObjects: 5.968400 ms  DeleteObjects: 0.169200 ms)

AssetImportParameters requested are different than current active one (requested -> active):
  custom:framework-win-MediaFoundation: 216162199b28c13a410421893ffa2e32 -> 
  custom:video-decoder-ogg-theora: a1e56fd34408186e4bbccfd4996cb3dc -> 
  custom:container-muxer-webm: aa71ff27fc2769a1b78a27578f13a17b -> 
  custom:container-demuxer-webm: 4f35f7cbe854078d1ac9338744f61a02 -> 
  custom:container-demuxer-ogg: 62fdf1f143b41e24485cea50d1cbac27 -> 
  custom:video-encoder-webm-vp8: eb34c28f22e8b96e1ab97ce403110664 -> 
  custom:video-decoder-webm-vp8: 9c59270c3fd7afecdb556c50c9e8de78 -> 
  custom:audio-decoder-ogg-vorbis: bf7c407c2cedff20999df2af8eb42d56 -> 
  custom:audio-encoder-webm-vorbis: bf7c407c2cedff20999df2af8eb42d56 -> 
========================================================================
Received Import Request.
  path: Assets/Prefabs/Player.prefab
  artifactKey: Guid(de577e31cd5637046b32446cdd95d453) Importer(815301076,1909f56bfc062723c751e8b465ee728b)
Start importing Assets/Prefabs/Player.prefab using Guid(de577e31cd5637046b32446cdd95d453) Importer(815301076,1909f56bfc062723c751e8b465ee728b)  -> (artifact id: 'b94fb7e57eeeeda61f15b7d5b17ed338') in 0.270754 seconds 
  Import took 0.276507 seconds .

========================================================================
Received Import Request.
  Time since last request: 81.716628 seconds.
  path: Assets/Prefabs/Plane.prefab
  artifactKey: Guid(da221648d262f2848970c20d96cd9b61) Importer(815301076,1909f56bfc062723c751e8b465ee728b)
Start importing Assets/Prefabs/Plane.prefab using Guid(da221648d262f2848970c20d96cd9b61) Importer(815301076,1909f56bfc062723c751e8b465ee728b)  -> (artifact id: '59914d9037e6a100d8ff1de360d1f90d') in 0.187038 seconds 
  Import took 0.197768 seconds .

========================================================================
Received Import Request.
  Time since last request: 71.294453 seconds.
  path: Assets/Scripts/GameManager.cs
  artifactKey: Guid(27c46c5896462cf4e865fc3708b9af09) Importer(815301076,1909f56bfc062723c751e8b465ee728b)
Start importing Assets/Scripts/GameManager.cs using Guid(27c46c5896462cf4e865fc3708b9af09) Importer(815301076,1909f56bfc062723c751e8b465ee728b)  -> (artifact id: 'b4efa02ce152c3abd066ffb05c7355e1') in 0.032651 seconds 
  Import took 0.040434 seconds .

========================================================================
Received Import Request.
  Time since last request: 5.354561 seconds.
  path: Assets/Scripts/Obstacles.cs
  artifactKey: Guid(3b5e4b69a5c97494da5d96abe1f01372) Importer(815301076,1909f56bfc062723c751e8b465ee728b)
Start importing Assets/Scripts/Obstacles.cs using Guid(3b5e4b69a5c97494da5d96abe1f01372) Importer(815301076,1909f56bfc062723c751e8b465ee728b)  -> (artifact id: 'cb699d5f551fd481afe7a687882f3e7f') in 0.014438 seconds 
  Import took 0.021158 seconds .

========================================================================
Received Import Request.
  Time since last request: 136.339333 seconds.
  path: Assets/Prefabs/HorizontalObstacle (1).prefab
  artifactKey: Guid(338a7fdfdf3b2474fa174a477281756a) Importer(815301076,1909f56bfc062723c751e8b465ee728b)
Start importing Assets/Prefabs/HorizontalObstacle (1).prefab using Guid(338a7fdfdf3b2474fa174a477281756a) Importer(815301076,1909f56bfc062723c751e8b465ee728b)  -> (artifact id: 'a4e7412a8aa0616d2bdf3bed5bc4dc76') in 0.059751 seconds 
  Import took 0.069005 seconds .

========================================================================
Received Import Request.
  Time since last request: 3.633833 seconds.
  path: Assets/Materials/HorizontalObstacle (2).prefab
  artifactKey: Guid(67ca4b7e8b48f234d8ba446493a2b9c3) Importer(815301076,1909f56bfc062723c751e8b465ee728b)
Start importing Assets/Materials/HorizontalObstacle (2).prefab using Guid(67ca4b7e8b48f234d8ba446493a2b9c3) Importer(815301076,1909f56bfc062723c751e8b465ee728b)  -> (artifact id: 'c9b70216d7fe4b6323cfe34e5c4a2e04') in 0.063914 seconds 
  Import took 0.070829 seconds .

========================================================================
Received Import Request.
  Time since last request: 5.696013 seconds.
  path: Assets/Prefabs/VerticalObstacle (1).prefab
  artifactKey: Guid(e4d22a4ca872afa458534df45324defd) Importer(815301076,1909f56bfc062723c751e8b465ee728b)
Start importing Assets/Prefabs/VerticalObstacle (1).prefab using Guid(e4d22a4ca872afa458534df45324defd) Importer(815301076,1909f56bfc062723c751e8b465ee728b)  -> (artifact id: '18ad6c9562ed9ec3a9199253ae888135') in 0.062040 seconds 
  Import took 0.069063 seconds .

========================================================================
Received Import Request.
  Time since last request: 4.923210 seconds.
  path: Assets/Prefabs/VerticalObstacle (2).prefab
  artifactKey: Guid(b974aaa4e27ee2c49acab5135d8cf1d2) Importer(815301076,1909f56bfc062723c751e8b465ee728b)
Start importing Assets/Prefabs/VerticalObstacle (2).prefab using Guid(b974aaa4e27ee2c49acab5135d8cf1d2) Importer(815301076,1909f56bfc062723c751e8b465ee728b)  -> (artifact id: '2f6fec297c45b8b707be99cb31f7d7be') in 0.053038 seconds 
  Import took 0.058676 seconds .

========================================================================
Received Import Request.
  Time since last request: 159.145235 seconds.
  path: Assets/Prefabs/VerticalObstacle.prefab
  artifactKey: Guid(f171b12cc495fdc4fa745242e742098e) Importer(815301076,1909f56bfc062723c751e8b465ee728b)
Start importing Assets/Prefabs/VerticalObstacle.prefab using Guid(f171b12cc495fdc4fa745242e742098e) Importer(815301076,1909f56bfc062723c751e8b465ee728b)  -> (artifact id: '3e372b043128a70d9fb133c6a12dbf45') in 0.044502 seconds 
  Import took 0.052303 seconds .

========================================================================
Received Import Request.
  Time since last request: 16.292584 seconds.
  path: Assets/Prefabs/VerticalObstacle (2).prefab
  artifactKey: Guid(b974aaa4e27ee2c49acab5135d8cf1d2) Importer(815301076,1909f56bfc062723c751e8b465ee728b)
Start importing Assets/Prefabs/VerticalObstacle (2).prefab using Guid(b974aaa4e27ee2c49acab5135d8cf1d2) Importer(815301076,1909f56bfc062723c751e8b465ee728b)  -> (artifact id: 'dbfa99015af5dc7b2fe84d5d4db2b249') in 0.033754 seconds 
  Import took 0.040687 seconds .

========================================================================
Received Import Request.
  Time since last request: 2.846131 seconds.
  path: Assets/Prefabs/VerticalObstacle (1).prefab
  artifactKey: Guid(e4d22a4ca872afa458534df45324defd) Importer(815301076,1909f56bfc062723c751e8b465ee728b)
Start importing Assets/Prefabs/VerticalObstacle (1).prefab using Guid(e4d22a4ca872afa458534df45324defd) Importer(815301076,1909f56bfc062723c751e8b465ee728b)  -> (artifact id: 'babca3f9381bb73f02c830866e76a0df') in 0.047870 seconds 
  Import took 0.055743 seconds .

========================================================================
Received Import Request.
  Time since last request: 0.892373 seconds.
  path: Assets/Prefabs/HorizontalObstacle.prefab
  artifactKey: Guid(dbe68b7973525714496484e77e31b5e6) Importer(815301076,1909f56bfc062723c751e8b465ee728b)
Start importing Assets/Prefabs/HorizontalObstacle.prefab using Guid(dbe68b7973525714496484e77e31b5e6) Importer(815301076,1909f56bfc062723c751e8b465ee728b)  -> (artifact id: '51b4927b011482390a40ce7ad2a9e91b') in 0.054924 seconds 
  Import took 0.065281 seconds .

========================================================================
Received Import Request.
  Time since last request: 7.952794 seconds.
  path: Assets/Prefabs/HorizontalObstacle (1).prefab
  artifactKey: Guid(338a7fdfdf3b2474fa174a477281756a) Importer(815301076,1909f56bfc062723c751e8b465ee728b)
Start importing Assets/Prefabs/HorizontalObstacle (1).prefab using Guid(338a7fdfdf3b2474fa174a477281756a) Importer(815301076,1909f56bfc062723c751e8b465ee728b)  -> (artifact id: '8bdd202d95d0abfab5c5faf7a7aab77d') in 0.036962 seconds 
  Import took 0.043596 seconds .

========================================================================
Received Import Request.
  Time since last request: 6.173092 seconds.
  path: Assets/Prefabs/HorizontalObstacle (2).prefab
  artifactKey: Guid(67ca4b7e8b48f234d8ba446493a2b9c3) Importer(815301076,1909f56bfc062723c751e8b465ee728b)
Start importing Assets/Prefabs/HorizontalObstacle (2).prefab using Guid(67ca4b7e8b48f234d8ba446493a2b9c3) Importer(815301076,1909f56bfc062723c751e8b465ee728b)  -> (artifact id: '2714214f44a781974a2327644612c656') in 0.035695 seconds 
  Import took 0.040530 seconds .

========================================================================
Received Import Request.
  Time since last request: 288.611829 seconds.
  path: Assets/Prefabs/Player.prefab
  artifactKey: Guid(de577e31cd5637046b32446cdd95d453) Importer(815301076,1909f56bfc062723c751e8b465ee728b)
Start importing Assets/Prefabs/Player.prefab using Guid(de577e31cd5637046b32446cdd95d453) Importer(815301076,1909f56bfc062723c751e8b465ee728b)  -> (artifact id: '65283b85f19ea9cd62c7bf01d84c56fa') in 0.038316 seconds 
  Import took 0.046608 seconds .

========================================================================
Received Prepare
Registering precompiled user dll's ...
Registered in 0.032829 seconds.
Begin MonoManager ReloadAssembly
Native extension for WindowsStandalone target not found
Native extension for WebGL target not found
Refreshing native plugins compatible for Editor in 0.80 ms, found 2 plugins.
Preloading 0 native plugins for Editor in 0.00 ms.
Mono: successfully reloaded assembly
- Completed reload, in  2.302 seconds
Domain Reload Profiling:
	ReloadAssembly (2303ms)
		BeginReloadAssembly (234ms)
			ExecutionOrderSort (0ms)
			DisableScriptedObjects (10ms)
			BackupInstance (0ms)
			ReleaseScriptingObjects (0ms)
			CreateAndSetChildDomain (72ms)
		EndReloadAssembly (1893ms)
			LoadAssemblies (235ms)
			RebuildTransferFunctionScriptingTraits (0ms)
			SetupTypeCache (771ms)
			ReleaseScriptCaches (1ms)
			RebuildScriptCaches (88ms)
			SetupLoadedEditorAssemblies (593ms)
				LogAssemblyErrors (0ms)
				InitializePlatformSupportModulesInManaged (11ms)
				SetLoadedEditorAssemblies (2ms)
				RefreshPlugins (1ms)
				BeforeProcessingInitializeOnLoad (178ms)
				ProcessInitializeOnLoadAttributes (369ms)
				ProcessInitializeOnLoadMethodAttributes (16ms)
				AfterProcessingInitializeOnLoad (17ms)
				EditorAssembliesLoaded (1ms)
			ExecutionOrderSort2 (0ms)
			AwakeInstancesAfterBackupRestoration (13ms)
Platform modules already initialized, skipping
Refreshing native plugins compatible for Editor in 0.91 ms, found 2 plugins.
Preloading 0 native plugins for Editor in 0.00 ms.
Unloading 1533 Unused Serialized files (Serialized files now loaded: 0)
System memory in use before: 73.5 MB.
System memory in use after: 73.6 MB.

Unloading 16 unused Assets to reduce memory usage. Loaded Objects now: 1994.
Total: 5.388200 ms (FindLiveObjects: 0.315100 ms CreateObjectMapping: 0.106600 ms MarkObjects: 4.909300 ms  DeleteObjects: 0.054800 ms)

AssetImportParameters requested are different than current active one (requested -> active):
  custom:framework-win-MediaFoundation: 216162199b28c13a410421893ffa2e32 -> 
  custom:video-decoder-ogg-theora: a1e56fd34408186e4bbccfd4996cb3dc -> 
  custom:container-muxer-webm: aa71ff27fc2769a1b78a27578f13a17b -> 
  custom:container-demuxer-webm: 4f35f7cbe854078d1ac9338744f61a02 -> 
  custom:container-demuxer-ogg: 62fdf1f143b41e24485cea50d1cbac27 -> 
  custom:video-encoder-webm-vp8: eb34c28f22e8b96e1ab97ce403110664 -> 
  custom:video-decoder-webm-vp8: 9c59270c3fd7afecdb556c50c9e8de78 -> 
  custom:audio-decoder-ogg-vorbis: bf7c407c2cedff20999df2af8eb42d56 -> 
  custom:audio-encoder-webm-vorbis: bf7c407c2cedff20999df2af8eb42d56 -> 
========================================================================
Received Import Request.
  Time since last request: 237.819628 seconds.
  path: Assets/Scenes/MyScene.unity
  artifactKey: Guid(aaeb3d94fa6489c4bbadf05cf9a6d11c) Importer(815301076,1909f56bfc062723c751e8b465ee728b)
Start importing Assets/Scenes/MyScene.unity using Guid(aaeb3d94fa6489c4bbadf05cf9a6d11c) Importer(815301076,1909f56bfc062723c751e8b465ee728b)  -> (artifact id: '6bb8e4790a08c8fc220903d864108eea') in 0.046991 seconds 
  Import took 0.052973 seconds .

